<?xml version="1.0" encoding="UTF-8"?>
<!-- Generated by org.testng.reporters.JUnitReportReporter -->
<testsuite hostname="USBLRSSOUNDARA3" name="com.jpmc.ccb.releaseautomation.TC001_Get_Request" tests="1" failures="0" timestamp="8 Aug 2019 10:57:39 GMT" time="3.826" errors="0">
  <testcase name="getWeatherDetails" time="3.826" classname="com.jpmc.ccb.releaseautomation.TC001_Get_Request"/>
</testsuite> <!-- com.jpmc.ccb.releaseautomation.TC001_Get_Request -->
